<?xml version="1.0" encoding="UTF-8" ?>
<testsuite tests="13" failures="0" name="Runner" time="3.587" errors="0" skipped="0">
  <properties>
[...]
</properties>
  <testcase classname="Validar cadastro com sucesso no site Registro" name="que acesso o site Register" time="0.015"/>
  <testcase classname="Validar cadastro com sucesso no site Registro" name="preeencho o campo nome com valor &quot;Eleer&quot; e sobrenombre com valor &quot;Mendoza&quot;" time="0.542"/>
  <testcase classname="Validar cadastro com sucesso no site Registro" name="preeencho o campo Address com valor &quot;Av Cupece&quot;" time="0.157"/>
  <testcase classname="Validar cadastro com sucesso no site Registro" name="preeencho o campo emailAddress com valor &quot;eleerdario12@gmail.com&quot;" time="0.24"/>
  <testcase classname="Validar cadastro com sucesso no site Registro" name="preeencho o campo phone com valor &quot;11981882494&quot;" time="0.22"/>
  <testcase classname="Validar cadastro com sucesso no site Registro" name="clico o campo gender com valor &quot;male&quot;" time="0.141"/>
  <testcase classname="Validar cadastro com sucesso no site Registro" name="clico o campo hobbies com valor &quot;movies&quot;" time="0.131"/>
  <testcase classname="Validar cadastro com sucesso no site Registro" name="seleciono o campo skill com &quot;Software&quot;" time="0.172"/>
  <testcase classname="Validar cadastro com sucesso no site Registro" name="clico o campo selectContry com valor &quot;Japan&quot;" time="0.409"/>
  <testcase classname="Validar cadastro com sucesso no site Registro" name="seleciono o campo year com valor &quot;1983&quot;" time="0.138"/>
  <testcase classname="Validar cadastro com sucesso no site Registro" name="seleciono o campo month com valor &quot;May&quot;" time="0.139"/>
  <testcase classname="Validar cadastro com sucesso no site Registro" name="seleciono o campo day com valor &quot;20&quot;" time="0.158"/>
  <testcase classname="Validar cadastro com sucesso no site Registro" name="Validar cadastro com sucesso no site Registro" time="1.125"/>
</testsuite>